<?xml version="1.0" encoding="UTF-8"?>
<!-- Generated by org.testng.reporters.JUnitXMLReporter -->
<testsuite ignored="1" hostname="DESKTOP-RHUQEHV" failures="0" tests="1" name="Test" time="12.021" errors="0" timestamp="2020-12-08T14:51:07 EST">
  <testcase classname="testcases.T01_homepageValidation" name="homepageValidation" time="6.093"/>
  <testcase classname="testcases.T02_loginpageValidation" name="logpagevalidation" time="0.0">
    <ignored/>
  </testcase> <!-- logpagevalidation -->
</testsuite> <!-- Test -->
