<?xml version="1.0" encoding="UTF-8"?>
<testng-results ignored="1" total="2" passed="1" failed="0" skipped="0">
  <reporter-output>
  </reporter-output>
  <suite started-at="2020-12-08T14:50:55 EST" name="Suite" finished-at="2020-12-08T14:51:07 EST" duration-ms="12021">
    <groups>
      <group name="smoke">
        <method signature="T01_homepageValidation.homepageValidation()[pri:0, instance:testcases.T01_homepageValidation@4e7912d8]" name="homepageValidation" class="testcases.T01_homepageValidation"/>
      </group> <!-- smoke -->
    </groups>
    <test started-at="2020-12-08T14:50:55 EST" name="Test" finished-at="2020-12-08T14:51:07 EST" duration-ms="12021">
      <class name="testcases.T01_homepageValidation">
        <test-method is-config="true" signature="openBrowser()[pri:0, instance:testcases.T01_homepageValidation@4e7912d8]" started-at="2020-12-08T14:50:55 EST" name="openBrowser" finished-at="2020-12-08T14:51:01 EST" duration-ms="5830" status="PASS">
          <reporter-output>
          </reporter-output>
        </test-method> <!-- openBrowser -->
        <test-method signature="homepageValidation()[pri:0, instance:testcases.T01_homepageValidation@4e7912d8]" started-at="2020-12-08T14:51:01 EST" name="homepageValidation" finished-at="2020-12-08T14:51:07 EST" duration-ms="6093" status="PASS">
          <reporter-output>
          </reporter-output>
        </test-method> <!-- homepageValidation -->
        <test-method is-config="true" signature="closeBrwoser()[pri:0, instance:testcases.T01_homepageValidation@4e7912d8]" started-at="2020-12-08T14:51:07 EST" name="closeBrwoser" finished-at="2020-12-08T14:51:07 EST" duration-ms="62" status="PASS">
          <reporter-output>
          </reporter-output>
        </test-method> <!-- closeBrwoser -->
      </class> <!-- testcases.T01_homepageValidation -->
    </test> <!-- Test -->
  </suite> <!-- Suite -->
</testng-results>
